app/build/outputs/mapping/fdroidRelease/seeds.txt
io.nekohasekai.sagernet.R$attr: int backgroundOverlayColorAlpha
io.nekohasekai.sagernet.R$style: int Widget_AppCompat_ListMenuView
moe.matsuri.nb4a.SingBoxOptions$TProxyInboundOptions: java.lang.String domain_strategy
io.nekohasekai.sagernet.R$styleable: int AppCompatTheme_colorControlActivated
moe.matsuri.nb4a.SingBoxOptions$Inbound_HysteriaOptions: java.lang.String up
io.nekohasekai.sagernet.R$layout: int mtrl_picker_text_input_date_range
moe.matsuri.nb4a.SingBoxOptions$OutboundTLSOptions: moe.matsuri.nb4a.SingBoxOptions$OutboundUTLSOptions utls
io.nekohasekai.sagernet.R$dimen: int design_navigation_item_horizontal_padding
io.nekohasekai.sagernet.R$color: int design_fab_stroke_top_outer_color
io.nekohasekai.sagernet.R$drawable: int ic_baseline_grid_3x3_24
io.nekohasekai.sagernet.R$color: int material_purple_50
org.yaml.snakeyaml.constructor.BaseConstructor: java.util.Map constructedObjects
io.nekohasekai.sagernet.R$color: int m3_sys_color_dark_secondary
org.yaml.snakeyaml.emitter.Emitter$ExpectDocumentRoot: org.yaml.snakeyaml.emitter.Emitter this$0
io.nekohasekai.sagernet.R$styleable: int AppCompatTheme_imageButtonStyle
io.nekohasekai.sagernet.R$attr: int materialButtonToggleGroupStyle
io.nekohasekai.sagernet.R$string: int tcp_connections
io.nekohasekai.sagernet.databinding.LayoutProfileBinding: android.widget.TextView profileStatus
io.nekohasekai.sagernet.R$attr: int queryHint
io.nekohasekai.sagernet.R$string: int metered_summary
io.nekohasekai.sagernet.R$styleable: int RecycleListView_paddingBottomNoButtons
io.nekohasekai.sagernet.R$styleable: int ConstraintOverride_guidelineUseRtl
io.nekohasekai.sagernet.R$dimen: int m3_comp_outlined_text_field_disabled_label_text_opacity
io.nekohasekai.sagernet.ui.RouteSettingsActivity: androidx.activity.result.ActivityResultLauncher selectProfileForAdd
io.nekohasekai.sagernet.R$dimen: int m3_appbar_scrim_height_trigger_medium
androidx.appcompat.app.AppCompatActivity: java.lang.String DELEGATE_TAG
io.nekohasekai.sagernet.R$id: int search_view_background
moe.matsuri.nb4a.SingBoxOptions$Outbound_VLESSOptions: java.lang.String flow
io.nekohasekai.sagernet.databinding.LayoutStunBinding: android.widget.EditText natStunServer
io.nekohasekai.sagernet.ui.BackupFragment$onViewCreated$3$1$1: int label
io.nekohasekai.sagernet.R$id: int itemcheck
io.nekohasekai.sagernet.R$styleable: int AppCompatTheme_colorButtonNormal
io.nekohasekai.sagernet.R$styleable: int Toolbar_contentInsetEndWithActions
moe.matsuri.nb4a.SingBoxOptions$DefaultDNSRule: java.lang.Integer ip_version
io.nekohasekai.sagernet.R$color: int m3_ref_palette_dynamic_neutral_variant99
io.nekohasekai.sagernet.R$color: int mtrl_navigation_item_text_color
io.nekohasekai.sagernet.R$dimen: int m3_extended_fab_min_height
io.nekohasekai.sagernet.ui.BackupFragment$exportSettings$1$1$3: java.lang.Exception $e
io.nekohasekai.sagernet.R$id: int is_pooling_container_tag
io.nekohasekai.sagernet.R$string: int mtrl_checkbox_button_icon_path_indeterminate
io.nekohasekai.sagernet.R$id: int mtrl_calendar_year_selector_frame
io.nekohasekai.sagernet.R$attr: int springStopThreshold
io.nekohasekai.sagernet.R$style: int TextAppearance_AppCompat_Small_Inverse
io.nekohasekai.sagernet.R$id: int group_pager
io.nekohasekai.sagernet.ui.AppManagerActivity: boolean sysApps
io.nekohasekai.sagernet.R$style: int Base_V24_Theme_Material3_Light_Dialog
io.nekohasekai.sagernet.R$color: int bright_foreground_material_dark
moe.matsuri.nb4a.SingBoxOptions$Inbound_VLESSOptions: java.lang.Boolean udp_fragment
moe.matsuri.nb4a.SingBoxOptions$TUICOutboundOptions: java.lang.Boolean udp_over_stream
io.nekohasekai.sagernet.R$styleable: int RecyclerView_fastScrollHorizontalTrackDrawable
io.nekohasekai.sagernet.R$string: int group_status_proxies_subscription
io.nekohasekai.sagernet.R$string: int plugin_disabled
io.nekohasekai.sagernet.database.DataStore: io.nekohasekai.sagernet.ktx.PreferenceProxy serverDisableSNI$delegate